#
# A fatal error has been detected by the Java Runtime Environment:
#
#  Internal Error (javaClasses.cpp:136), pid=4452, tid=852
#  fatal error: Invalid layout of preloaded class
#
# JRE version:  (7.0_45-b18) (build )
# Java VM: Java HotSpot(TM) Client VM (24.45-b08 mixed mode windows-x86 )
# Failed to write core dump. Minidumps are not enabled by default on client versions of Windows
#
# If you would like to submit a bug report, please visit:
#   http://bugreport.sun.com/bugreport/crash.jsp
#

---------------  T H R E A D  ---------------

Current thread (0x007ac000):  JavaThread "Unknown thread" [_thread_in_vm, id=852, stack(0x00720000,0x00770000)]

Stack: [0x00720000,0x00770000],  sp=0x0076f3d0,  free space=316k
Native frames: (J=compiled Java code, j=interpreted, Vv=VM code, C=native code)
V  [jvm.dll+0x18df51]
V  [jvm.dll+0x187cc6]
V  [jvm.dll+0x3586a]
V  [jvm.dll+0x358f6]
V  [jvm.dll+0x4400d]
V  [jvm.dll+0x442be]
V  [jvm.dll+0x9263a]
V  [jvm.dll+0x929eb]
V  [jvm.dll+0x13daf1]
V  [jvm.dll+0x1605fc]
V  [jvm.dll+0xc8ebf]
C  [javaw.exe+0x13ce]
C  [javaw.exe+0x1e40]
C  [javaw.exe+0xa5b1]
C  [javaw.exe+0xa63b]
C  [kernel32.dll+0x4ed5c]
C  [ntdll.dll+0x637eb]
C  [ntdll.dll+0x637be]


---------------  P R O C E S S  ---------------

Java Threads: ( => current thread )

Other Threads:

=>0x007ac000 (exited) JavaThread "Unknown thread" [_thread_in_vm, id=852, stack(0x00720000,0x00770000)]

VM state:not at safepoint (not fully initialized)

VM Mutex/Monitor currently owned by a thread: None

GC Heap History (0 events):
No events

Deoptimization events (0 events):
No events

Internal exceptions (0 events):
No events

Events (10 events):
Event: 0.009 loading class 0x00dbc408 done
Event: 0.010 loading class 0x00dbbe98 done
Event: 0.010 loading class 0x00dbbe78
Event: 0.010 loading class 0x00dc31a0
Event: 0.010 loading class 0x00dc31a0 done
Event: 0.010 loading class 0x00dc31d0
Event: 0.010 loading class 0x00dc31d0 done
Event: 0.010 loading class 0x00dc3200
Event: 0.010 loading class 0x00dc3200 done
Event: 0.010 loading class 0x00dbbe78 done


Dynamic libraries:
0x010a0000 - 0x010cf000 	C:\Program Files\Java\jre7\bin\javaw.exe
0x77490000 - 0x775cc000 	C:\Windows\SYSTEM32\ntdll.dll
0x766d0000 - 0x767a4000 	C:\Windows\system32\kernel32.dll
0x75790000 - 0x757db000 	C:\Windows\system32\KERNELBASE.dll
0x75240000 - 0x752ad000 	C:\Windows\System32\SYSFER.DLL
0x76210000 - 0x762b0000 	C:\Windows\system32\ADVAPI32.dll
0x76620000 - 0x766cc000 	C:\Windows\system32\msvcrt.dll
0x75c50000 - 0x75c69000 	C:\Windows\SYSTEM32\sechost.dll
0x764f0000 - 0x76592000 	C:\Windows\system32\RPCRT4.dll
0x75800000 - 0x758c9000 	C:\Windows\system32\USER32.dll
0x761c0000 - 0x7620e000 	C:\Windows\system32\GDI32.dll
0x762b0000 - 0x762ba000 	C:\Windows\system32\LPK.dll
0x76120000 - 0x761bd000 	C:\Windows\system32\USP10.dll
0x74480000 - 0x7461e000 	C:\Windows\WinSxS\x86_microsoft.windows.common-controls_6595b64144ccf1df_6.0.7601.17514_none_41e6975e2bd6f2b2\COMCTL32.dll
0x762c0000 - 0x76317000 	C:\Windows\system32\SHLWAPI.dll
0x775d0000 - 0x775ef000 	C:\Windows\system32\IMM32.DLL
0x75e80000 - 0x75f4c000 	C:\Windows\system32\MSCTF.dll
0x62470000 - 0x6252f000 	C:\Program Files\Java\jre7\bin\msvcr100.dll
0x6e2f0000 - 0x6e670000 	C:\Program Files\Java\jre7\bin\client\jvm.dll
0x70660000 - 0x70667000 	C:\Windows\system32\WSOCK32.dll
0x77620000 - 0x77655000 	C:\Windows\system32\WS2_32.dll
0x75fe0000 - 0x75fe6000 	C:\Windows\system32\NSI.dll
0x73710000 - 0x73742000 	C:\Windows\system32\WINMM.dll
0x75e70000 - 0x75e75000 	C:\Windows\system32\PSAPI.DLL
0x65000000 - 0x6500c000 	C:\Program Files\Java\jre7\bin\verify.dll
0x64fe0000 - 0x65000000 	C:\Program Files\Java\jre7\bin\java.dll
0x64fc0000 - 0x64fd3000 	C:\Program Files\Java\jre7\bin\zip.dll
0x6ac20000 - 0x6ad0b000 	C:\Windows\system32\dbghelp.dll

VM Arguments:
jvm_args: -Dfile.encoding=GBK -Xbootclasspath:D:\dev\sdk\platforms\android-16\android.jar 
java_command: com.xinlan.cubelan.core.CoreData
Launcher Type: SUN_STANDARD

Environment Variables:
JAVA_HOME=D:\java
CLASSPATH=.;D:\java\lib\dt.jar;D:\java\lib\tools.jar
PATH=C:/Program Files/Java/jre7/bin/client;C:/Program Files/Java/jre7/bin;C:/Program Files/Java/jre7/lib/i386;S:\springToolSuite\jdk\bin;S:\springToolSuite\apache-maven-3.0.4\bin;C:\Windows\system32;C:\Windows;C:\Windows\System32\Wbem;C:\Windows\System32\WindowsPowerShell\v1.0\;D:\Program Files\TortoiseSVN\bin;;D:\java\bin;D:\java\jre\bin;D:\dev\sdk\platform-tools;D:\dev\eclipse;
USERNAME=13120682
OS=Windows_NT
PROCESSOR_IDENTIFIER=x86 Family 6 Model 23 Stepping 10, GenuineIntel



---------------  S Y S T E M  ---------------

OS: Windows 7 Build 7601 Service Pack 1

CPU:total 2 (2 cores per cpu, 1 threads per core) family 6 model 23 stepping 10, cmov, cx8, fxsr, mmx, sse, sse2, sse3, ssse3, sse4.1, tsc

Memory: 4k page, physical 3628284k(870156k free), swap 7254816k(3936568k free)

vm_info: Java HotSpot(TM) Client VM (24.45-b08) for windows-x86 JRE (1.7.0_45-b18), built on Oct  8 2013 06:02:43 by "java_re" with unknown MS VC++:1600

time: Tue Mar 11 12:55:36 2014
elapsed time: 0 seconds

